{"D:\\document\\CollageProject-main\\Nexview_Front\\src\\TestCase\\About\\AboutExtraTest.jsx": {"path":"D:\\document\\CollageProject-main\\Nexview_Front\\src\\TestCase\\About\\AboutExtraTest.jsx","statementMap":{"0":{"start":{"line":4,"column":2},"end":{"line":93,"column":3}}},"fnMap":{"0":{"name":"AboutExtraTest","decl":{"start":{"line":3,"column":9},"end":{"line":3,"column":23}},"loc":{"start":{"line":3,"column":26},"end":{"line":94,"column":1}},"line":3}},"branchMap":{},"s":{"0":7},"f":{"0":7},"b":{},"_coverageSchema":"1a1c01bbd47fc00a2c39e90264f33305004495a9","hash":"4002b45f87f032a37d7625e41fbf30211592e856"}
,"D:\\document\\CollageProject-main\\Nexview_Front\\src\\TestCase\\About\\AboutTest.jsx": {"path":"D:\\document\\CollageProject-main\\Nexview_Front\\src\\TestCase\\About\\AboutTest.jsx","statementMap":{"0":{"start":{"line":4,"column":14},"end":{"line":33,"column":1}},"1":{"start":{"line":5,"column":4},"end":{"line":32,"column":6}}},"fnMap":{"0":{"name":"(anonymous_0)","decl":{"start":{"line":4,"column":14},"end":{"line":4,"column":15}},"loc":{"start":{"line":4,"column":20},"end":{"line":33,"column":1}},"line":4}},"branchMap":{},"s":{"0":1,"1":6},"f":{"0":6},"b":{},"_coverageSchema":"1a1c01bbd47fc00a2c39e90264f33305004495a9","hash":"666db8418a21ff5965b77378af4a56d516cb81c0"}
,"D:\\document\\CollageProject-main\\Nexview_Front\\src\\TestCase\\FAQ\\FAQTest.jsx": {"path":"D:\\document\\CollageProject-main\\Nexview_Front\\src\\TestCase\\FAQ\\FAQTest.jsx","statementMap":{"0":{"start":{"line":3,"column":12},"end":{"line":30,"column":1}},"1":{"start":{"line":4,"column":4},"end":{"line":29,"column":6}}},"fnMap":{"0":{"name":"(anonymous_0)","decl":{"start":{"line":3,"column":12},"end":{"line":3,"column":13}},"loc":{"start":{"line":3,"column":18},"end":{"line":30,"column":1}},"line":3}},"branchMap":{},"s":{"0":1,"1":5},"f":{"0":5},"b":{},"_coverageSchema":"1a1c01bbd47fc00a2c39e90264f33305004495a9","hash":"1bf8a4ae4d413909dea32bb6ee5ddcf91e3448b7"}
,"D:\\document\\CollageProject-main\\Nexview_Front\\src\\TestCase\\Privacy\\PrivacyTest.jsx": {"path":"D:\\document\\CollageProject-main\\Nexview_Front\\src\\TestCase\\Privacy\\PrivacyTest.jsx","statementMap":{"0":{"start":{"line":3,"column":20},"end":{"line":38,"column":1}},"1":{"start":{"line":4,"column":4},"end":{"line":37,"column":6}}},"fnMap":{"0":{"name":"(anonymous_0)","decl":{"start":{"line":3,"column":20},"end":{"line":3,"column":21}},"loc":{"start":{"line":3,"column":26},"end":{"line":38,"column":1}},"line":3}},"branchMap":{},"s":{"0":1,"1":5},"f":{"0":5},"b":{},"_coverageSchema":"1a1c01bbd47fc00a2c39e90264f33305004495a9","hash":"9dfeb9f1b59b4106fdea3bcb7187aa894afcfea9"}
,"D:\\document\\CollageProject-main\\Nexview_Front\\src\\TestCase\\TermsOfUse\\TermsOfUseTest.jsx": {"path":"D:\\document\\CollageProject-main\\Nexview_Front\\src\\TestCase\\TermsOfUse\\TermsOfUseTest.jsx","statementMap":{"0":{"start":{"line":2,"column":23},"end":{"line":38,"column":1}},"1":{"start":{"line":3,"column":4},"end":{"line":37,"column":6}}},"fnMap":{"0":{"name":"(anonymous_0)","decl":{"start":{"line":2,"column":23},"end":{"line":2,"column":24}},"loc":{"start":{"line":2,"column":29},"end":{"line":38,"column":1}},"line":2}},"branchMap":{},"s":{"0":1,"1":5},"f":{"0":5},"b":{},"_coverageSchema":"1a1c01bbd47fc00a2c39e90264f33305004495a9","hash":"0ee0a242b5d8a47b4df08c49ebf496b65cb82f3b"}
}
